<section ref="acs_map.3ncurses.html" title="acs_map: curses terminfo global variable"/>
<section ref="addch.3ncurses.html" title="addch: add a character (with attributes) to a curses window, then advance the cursor"/>
<section ref="addchnstr.3ncurses.html" title="addchnstr: add a string of characters (and attributes) to a curses window"/>
<section ref="addchstr.3ncurses.html" title="addchstr: add a string of characters (and attributes) to a curses window"/>
<section ref="addnstr.3ncurses.html" title="addnstr: add a string of characters to a curses window and advance cursor"/>
<section ref="addnwstr.3ncurses.html" title="addnwstr: add a string of wide characters to a curses window and advance cursor"/>
<section ref="addstr.3ncurses.html" title="addstr: add a string of characters to a curses window and advance cursor"/>
<section ref="add_wch.3ncurses.html" title="add_wch: add a complex character and rendition to a curses window, then advance the cursor"/>
<section ref="add_wchnstr.3ncurses.html" title="add_wchnstr: add an array of complex characters (and attributes) to a curses window"/>
<section ref="add_wchstr.3ncurses.html" title="add_wchstr: add an array of complex characters (and attributes) to a curses window"/>
<section ref="addwstr.3ncurses.html" title="addwstr: add a string of wide characters to a curses window and advance cursor"/>
<section ref="assume_default_colors.3ncurses.html" title="assume_default_colors: use terminal's default color"/>
<section ref="assume_default_colors_sp.3ncurses.html" title="assume_default_colors_sp: pointer extension"/>
<section ref="attr.3ncurses.html" title="attr: extended attributes on XFS filesystem objectExtended attributecurses character and window attribute control routine"/>
<section ref="attr_get.3ncurses.html" title="attr_get: get the value of a user attribute of a filesystem objectcurses character and window attribute control routine"/>
<section ref="attr_off.3ncurses.html" title="attr_off: curses character and window attribute control routine"/>
<section ref="attroff.3ncurses.html" title="attroff: curses character and window attribute control routine"/>
<section ref="attr_on.3ncurses.html" title="attr_on: curses character and window attribute control routine"/>
<section ref="attron.3ncurses.html" title="attron: curses character and window attribute control routine"/>
<section ref="attr_set.3ncurses.html" title="attr_set: set the value of a user attribute of a filesystem objectcurses character and window attribute control routine"/>
<section ref="attrset.3ncurses.html" title="attrset: curses character and window attribute control routine"/>
<section ref="baudrate.3ncurses.html" title="baudrate: curses environment query routine"/>
<section ref="baudrate_sp.3ncurses.html" title="baudrate_sp: pointer extension"/>
<section ref="BC.3ncurses.html" title="BC: An arbitrary precision calculator languagedirect curses interface to the terminfo capability database"/>
<section ref="beep.3ncurses.html" title="beep: beep the pc speaker any number of waycurses bell and screen flash routine"/>
<section ref="beep_sp.3ncurses.html" title="beep_sp: pointer extension"/>
<section ref="bkgd.3ncurses.html" title="bkgd: curses window background manipulation routine"/>
<section ref="bkgdset.3ncurses.html" title="bkgdset: curses window background manipulation routine"/>
<section ref="bkgrnd.3ncurses.html" title="bkgrnd: curses window complex background manipulation routine"/>
<section ref="bkgrndset.3ncurses.html" title="bkgrndset: curses window complex background manipulation routine"/>
<section ref="boolcodes.3ncurses.html" title="boolcodes: curses terminfo global variable"/>
<section ref="boolfnames.3ncurses.html" title="boolfnames: curses terminfo global variable"/>
<section ref="boolnames.3ncurses.html" title="boolnames: curses terminfo global variable"/>
<section ref="border.3ncurses.html" title="border: create curses borders, horizontal and vertical line"/>
<section ref="border_set.3ncurses.html" title="border_set: create curses borders or lines using complex characters and rendition"/>
<section ref="box.3ncurses.html" title="box: create curses borders, horizontal and vertical line"/>
<section ref="box_set.3ncurses.html" title="box_set: create curses borders or lines using complex characters and rendition"/>
<section ref="can_change_color.3ncurses.html" title="can_change_color: curses color manipulation routine"/>
<section ref="can_change_color_sp.3ncurses.html" title="can_change_color_sp: pointer extension"/>
<section ref="cbreak.3ncurses.html" title="cbreak: curses input option"/>
<section ref="cbreak_sp.3ncurses.html" title="cbreak_sp: pointer extension"/>
<section ref="ceiling_panel.3ncurses.html" title="ceiling_panel: pointer extension"/>
<section ref="chgat.3ncurses.html" title="chgat: curses character and window attribute control routine"/>
<section ref="clear.3ncurses.html" title="clear: clear the terminal screenclear all or part of a curses window"/>
<section ref="clearok.3ncurses.html" title="clearok: curses output option"/>
<section ref="clrtobot.3ncurses.html" title="clrtobot: clear all or part of a curses window"/>
<section ref="clrtoeol.3ncurses.html" title="clrtoeol: clear all or part of a curses window"/>
<section ref="color.3ncurses.html" title="color: curses color manipulation routine"/>
<section ref="color_content.3ncurses.html" title="color_content: curses color manipulation routine"/>
<section ref="color_content_sp.3ncurses.html" title="color_content_sp: pointer extension"/>
<section ref="COLOR_PAIR.3ncurses.html" title="COLOR_PAIR: curses color manipulation routine"/>
<section ref="COLOR_PAIRS.3ncurses.html" title="COLOR_PAIRS: curses global variable"/>
<section ref="COLORS.3ncurses.html" title="COLORS: libbash library for setting tty colors.curses global variable"/>
<section ref="color_set.3ncurses.html" title="color_set: curses character and window attribute control routine"/>
<section ref="COLS.3ncurses.html" title="COLS: curses global variable"/>
<section ref="copywin.3ncurses.html" title="copywin: overlay and manipulate overlapped curses window"/>
<section ref="curscr.3ncurses.html" title="curscr: curses global variable"/>
<section ref="curses_variables.3ncurses.html" title="curses_variables: curses global variable"/>
<section ref="curses_version.3ncurses.html" title="curses_version: miscellaneous curses extension"/>
<section ref="curs_set.3ncurses.html" title="curs_set: level curses routine"/>
<section ref="curs_set_sp.3ncurses.html" title="curs_set_sp: pointer extension"/>
<section ref="cur_term.3ncurses.html" title="cur_term: curses terminfo global variable"/>
<section ref="default_colors.3ncurses.html" title="default_colors: use terminal's default color"/>
<section ref="define_key.3ncurses.html" title="define_key: define a keycode"/>
<section ref="define_key_sp.3ncurses.html" title="define_key_sp: pointer extension"/>
<section ref="def_prog_mode.3ncurses.html" title="def_prog_mode: level curses routine"/>
<section ref="def_prog_mode_sp.3ncurses.html" title="def_prog_mode_sp: pointer extension"/>
<section ref="def_shell_mode.3ncurses.html" title="def_shell_mode: level curses routine"/>
<section ref="def_shell_mode_sp.3ncurses.html" title="def_shell_mode_sp: pointer extension"/>
<section ref="delay_output.3ncurses.html" title="delay_output: miscellaneous curses utility routine"/>
<section ref="delay_output_sp.3ncurses.html" title="delay_output_sp: pointer extension"/>
<section ref="delch.3ncurses.html" title="delch: delete character under the cursor in a curses window"/>
<section ref="del_curterm.3ncurses.html" title="del_curterm: curses interfaces to terminfo database"/>
<section ref="del_curterm_sp.3ncurses.html" title="del_curterm_sp: pointer extension"/>
<section ref="deleteln.3ncurses.html" title="deleteln: delete and insert lines in a curses window"/>
<section ref="delscreen.3ncurses.html" title="delscreen: curses screen initialization and manipulation routine"/>
<section ref="delwin.3ncurses.html" title="delwin: create curses window"/>
<section ref="derwin.3ncurses.html" title="derwin: create curses window"/>
<section ref="doupdate.3ncurses.html" title="doupdate: refresh curses windows and line"/>
<section ref="doupdate_sp.3ncurses.html" title="doupdate_sp: pointer extension"/>
<section ref="dupwin.3ncurses.html" title="dupwin: create curses window"/>
<section ref="echo.3ncurses.html" title="echo: display a line of textcurses input option"/>
<section ref="echochar.3ncurses.html" title="echochar: add a character (with attributes) to a curses window, then advance the cursor"/>
<section ref="echo_sp.3ncurses.html" title="echo_sp: pointer extension"/>
<section ref="echo_wchar.3ncurses.html" title="echo_wchar: add a complex character and rendition to a curses window, then advance the cursor"/>
<section ref="endwin.3ncurses.html" title="endwin: curses screen initialization and manipulation routine"/>
<section ref="endwin_sp.3ncurses.html" title="endwin_sp: pointer extension"/>
<section ref="erase.3ncurses.html" title="erase: clear all or part of a curses window"/>
<section ref="erasechar.3ncurses.html" title="erasechar: curses environment query routine"/>
<section ref="erasechar_sp.3ncurses.html" title="erasechar_sp: pointer extension"/>
<section ref="erasewchar.3ncurses.html" title="erasewchar: curses environment query routine"/>
<section ref="ESCDELAY.3ncurses.html" title="ESCDELAY: curses global variable"/>
<section ref="extensions.3ncurses.html" title="extensions: miscellaneous curses extension"/>
<section ref="filter.3ncurses.html" title="filter: cups file conversion filter interfacemiscellaneous curses utility routine"/>
<section ref="filter_sp.3ncurses.html" title="filter_sp: pointer extension"/>
<section ref="flash.3ncurses.html" title="flash: curses bell and screen flash routine"/>
<section ref="flash_sp.3ncurses.html" title="flash_sp: pointer extension"/>
<section ref="flushinp.3ncurses.html" title="flushinp: miscellaneous curses utility routine"/>
<section ref="flushinp_sp.3ncurses.html" title="flushinp_sp: pointer extension"/>
<section ref="getattrs.3ncurses.html" title="getattrs: get curses cursor and window coordinates, attribute"/>
<section ref="getbegx.3ncurses.html" title="getbegx: get curses cursor and window coordinates, attribute"/>
<section ref="getbegy.3ncurses.html" title="getbegy: get curses cursor and window coordinates, attribute"/>
<section ref="getbegyx.3ncurses.html" title="getbegyx: get curses cursor and window coordinate"/>
<section ref="getbkgd.3ncurses.html" title="getbkgd: curses window background manipulation routine"/>
<section ref="getbkgrnd.3ncurses.html" title="getbkgrnd: curses window complex background manipulation routine"/>
<section ref="getcchar.3ncurses.html" title="getcchar: character string"/>
<section ref="getch.3ncurses.html" title="getch: get (or push back) characters from curses terminal keyboard"/>
<section ref="getcurx.3ncurses.html" title="getcurx: get curses cursor and window coordinates, attribute"/>
<section ref="getcury.3ncurses.html" title="getcury: get curses cursor and window coordinates, attribute"/>
<section ref="get_escdelay.3ncurses.html" title="get_escdelay: curses thread support"/>
<section ref="get_escdelay_sp.3ncurses.html" title="get_escdelay_sp: pointer extension"/>
<section ref="getmaxx.3ncurses.html" title="getmaxx: get curses cursor and window coordinates, attribute"/>
<section ref="getmaxy.3ncurses.html" title="getmaxy: get curses cursor and window coordinates, attribute"/>
<section ref="getmaxyx.3ncurses.html" title="getmaxyx: get curses cursor and window coordinate"/>
<section ref="getmouse.3ncurses.html" title="getmouse: mouse interface through curse"/>
<section ref="getmouse_sp.3ncurses.html" title="getmouse_sp: pointer extension"/>
<section ref="getnstr.3ncurses.html" title="getnstr: accept character strings from curses terminal keyboard"/>
<section ref="getn_wstr.3ncurses.html" title="getn_wstr: get an array of wide characters from a curses terminal keyboard"/>
<section ref="getparx.3ncurses.html" title="getparx: get curses cursor and window coordinates, attribute"/>
<section ref="getpary.3ncurses.html" title="getpary: get curses cursor and window coordinates, attribute"/>
<section ref="getparyx.3ncurses.html" title="getparyx: get curses cursor and window coordinate"/>
<section ref="getstr.3ncurses.html" title="getstr: accept character strings from curses terminal keyboard"/>
<section ref="getsyx.3ncurses.html" title="getsyx: level curses routine"/>
<section ref="get_wch.3ncurses.html" title="get_wch: get (or push back) a wide character from curses terminal keyboard"/>
<section ref="getwin.3ncurses.html" title="getwin: miscellaneous curses utility routine"/>
<section ref="getwin_sp.3ncurses.html" title="getwin_sp: pointer extension"/>
<section ref="get_wstr.3ncurses.html" title="get_wstr: get an array of wide characters from a curses terminal keyboard"/>
<section ref="getyx.3ncurses.html" title="getyx: get curses cursor and window coordinate"/>
<section ref="ground_panel.3ncurses.html" title="ground_panel: pointer extension"/>
<section ref="halfdelay.3ncurses.html" title="halfdelay: curses input option"/>
<section ref="halfdelay_sp.3ncurses.html" title="halfdelay_sp: pointer extension"/>
<section ref="has_colors.3ncurses.html" title="has_colors: curses color manipulation routine"/>
<section ref="has_colors_sp.3ncurses.html" title="has_colors_sp: pointer extension"/>
<section ref="has_ic.3ncurses.html" title="has_ic: curses environment query routine"/>
<section ref="has_ic_sp.3ncurses.html" title="has_ic_sp: pointer extension"/>
<section ref="has_il.3ncurses.html" title="has_il: curses environment query routine"/>
<section ref="has_il_sp.3ncurses.html" title="has_il_sp: pointer extension"/>
<section ref="has_key.3ncurses.html" title="has_key: get (or push back) characters from curses terminal keyboard"/>
<section ref="has_key_sp.3ncurses.html" title="has_key_sp: pointer extension"/>
<section ref="has_mouse.3ncurses.html" title="has_mouse: mouse interface through curse"/>
<section ref="has_mouse_sp.3ncurses.html" title="has_mouse_sp: pointer extension"/>
<section ref="hline.3ncurses.html" title="hline: create curses borders, horizontal and vertical line"/>
<section ref="hline_set.3ncurses.html" title="hline_set: create curses borders or lines using complex characters and rendition"/>
<section ref="idcok.3ncurses.html" title="idcok: curses output option"/>
<section ref="idlok.3ncurses.html" title="idlok: curses output option"/>
<section ref="immedok.3ncurses.html" title="immedok: curses output option"/>
<section ref="inch.3ncurses.html" title="inch: get a character and attributes from a curses window"/>
<section ref="inchnstr.3ncurses.html" title="inchnstr: get a string of characters (and attributes) from a curses window"/>
<section ref="inchstr.3ncurses.html" title="inchstr: get a string of characters (and attributes) from a curses window"/>
<section ref="init_color.3ncurses.html" title="init_color: curses color manipulation routine"/>
<section ref="init_color_sp.3ncurses.html" title="init_color_sp: pointer extension"/>
<section ref="init_pair.3ncurses.html" title="init_pair: curses color manipulation routine"/>
<section ref="init_pair_sp.3ncurses.html" title="init_pair_sp: pointer extension"/>
<section ref="initscr.3ncurses.html" title="initscr: curses screen initialization and manipulation routine"/>
<section ref="innstr.3ncurses.html" title="innstr: get a string of characters from a curses window"/>
<section ref="innwstr.3ncurses.html" title="innwstr: get a string of wchar_t characters from a curses window"/>
<section ref="inopts.3ncurses.html" title="inopts: curses input option"/>
<section ref="insch.3ncurses.html" title="insch: insert a character before cursor in a curses window"/>
<section ref="insdelln.3ncurses.html" title="insdelln: delete and insert lines in a curses window"/>
<section ref="insertln.3ncurses.html" title="insertln: delete and insert lines in a curses window"/>
<section ref="insnstr.3ncurses.html" title="insnstr: insert string before cursor in a curses window"/>
<section ref="ins_nwstr.3ncurses.html" title="ins_nwstr: character string into a curses window"/>
<section ref="insstr.3ncurses.html" title="insstr: insert string before cursor in a curses window"/>
<section ref="instr.3ncurses.html" title="instr: get a string of characters from a curses window"/>
<section ref="ins_wch.3ncurses.html" title="ins_wch: insert a complex character and rendition into a window"/>
<section ref="ins_wstr.3ncurses.html" title="ins_wstr: character string into a curses window"/>
<section ref="intrflush.3ncurses.html" title="intrflush: curses input option"/>
<section ref="intrflush_sp.3ncurses.html" title="intrflush_sp: pointer extension"/>
<section ref="in_wch.3ncurses.html" title="in_wch: extract a complex character and rendition from a window"/>
<section ref="in_wchnstr.3ncurses.html" title="in_wchnstr: get an array of complex characters and renditions from a curses window"/>
<section ref="in_wchstr.3ncurses.html" title="in_wchstr: get an array of complex characters and renditions from a curses window"/>
<section ref="inwstr.3ncurses.html" title="inwstr: get a string of wchar_t characters from a curses window"/>
<section ref="is_cleared.3ncurses.html" title="is_cleared: curses window propertie"/>
<section ref="isendwin.3ncurses.html" title="isendwin: curses screen initialization and manipulation routine"/>
<section ref="isendwin_sp.3ncurses.html" title="isendwin_sp: pointer extension"/>
<section ref="is_idcok.3ncurses.html" title="is_idcok: curses window propertie"/>
<section ref="is_idlok.3ncurses.html" title="is_idlok: curses window propertie"/>
<section ref="is_immedok.3ncurses.html" title="is_immedok: curses window propertie"/>
<section ref="is_keypad.3ncurses.html" title="is_keypad: curses window propertie"/>
<section ref="is_leaveok.3ncurses.html" title="is_leaveok: curses window propertie"/>
<section ref="is_linetouched.3ncurses.html" title="is_linetouched: curses refresh control routine"/>
<section ref="is_nodelay.3ncurses.html" title="is_nodelay: curses window propertie"/>
<section ref="is_notimeout.3ncurses.html" title="is_notimeout: curses window propertie"/>
<section ref="is_pad.3ncurses.html" title="is_pad: curses window propertie"/>
<section ref="is_scrollok.3ncurses.html" title="is_scrollok: curses window propertie"/>
<section ref="is_subwin.3ncurses.html" title="is_subwin: curses window propertie"/>
<section ref="is_syncok.3ncurses.html" title="is_syncok: curses window propertie"/>
<section ref="is_term_resized.3ncurses.html" title="is_term_resized: change the curses terminal size"/>
<section ref="is_term_resized_sp.3ncurses.html" title="is_term_resized_sp: pointer extension"/>
<section ref="is_wintouched.3ncurses.html" title="is_wintouched: curses refresh control routine"/>
<section ref="kernel.3ncurses.html" title="kernel: level curses routine"/>
<section ref="keybound.3ncurses.html" title="keybound: return definition of keycode"/>
<section ref="keybound_sp.3ncurses.html" title="keybound_sp: pointer extension"/>
<section ref="key_defined.3ncurses.html" title="key_defined: check if a keycode is defined"/>
<section ref="key_defined_sp.3ncurses.html" title="key_defined_sp: pointer extension"/>
<section ref="key_name.3ncurses.html" title="key_name: miscellaneous curses utility routine"/>
<section ref="keyname.3ncurses.html" title="keyname: miscellaneous curses utility routine"/>
<section ref="keyname_sp.3ncurses.html" title="keyname_sp: pointer extension"/>
<section ref="keyok.3ncurses.html" title="keyok: enable or disable a keycode"/>
<section ref="keyok_sp.3ncurses.html" title="keyok_sp: pointer extension"/>
<section ref="keypad.3ncurses.html" title="keypad: curses input option"/>
<section ref="killchar.3ncurses.html" title="killchar: curses environment query routine"/>
<section ref="killchar_sp.3ncurses.html" title="killchar_sp: pointer extension"/>
<section ref="killwchar.3ncurses.html" title="killwchar: curses environment query routine"/>
<section ref="leaveok.3ncurses.html" title="leaveok: curses output option"/>
<section ref="legacy.3ncurses.html" title="legacy: get curses cursor and window coordinates, attribute"/>
<section ref="legacy_coding.3ncurses.html" title="legacy_coding: use terminal's default color"/>
<section ref="LINES.3ncurses.html" title="LINES: curses global variable"/>
<section ref="longname.3ncurses.html" title="longname: curses environment query routine"/>
<section ref="mcprint.3ncurses.html" title="mcprint: ship binary data to printer"/>
<section ref="mcprint_sp.3ncurses.html" title="mcprint_sp: pointer extension"/>
<section ref="memleaks.3ncurses.html" title="memleaks: leak checking"/>
<section ref="meta.3ncurses.html" title="meta: curses input option"/>
<section ref="mouse.3ncurses.html" title="mouse: serial mouse interfaceMoose minus the antlermouse interface through curse"/>
<section ref="mouseinterval.3ncurses.html" title="mouseinterval: mouse interface through curse"/>
<section ref="mouseinterval_sp.3ncurses.html" title="mouseinterval_sp: pointer extension"/>
<section ref="mousemask.3ncurses.html" title="mousemask: mouse interface through curse"/>
<section ref="mousemask_sp.3ncurses.html" title="mousemask_sp: pointer extension"/>
<section ref="mouse_trafo.3ncurses.html" title="mouse_trafo: mouse interface through curse"/>
<section ref="move.3ncurses.html" title="move: move curses window cursor"/>
<section ref="mvaddch.3ncurses.html" title="mvaddch: add a character (with attributes) to a curses window, then advance the cursor"/>
<section ref="mvaddchnstr.3ncurses.html" title="mvaddchnstr: add a string of characters (and attributes) to a curses window"/>
<section ref="mvaddchstr.3ncurses.html" title="mvaddchstr: add a string of characters (and attributes) to a curses window"/>
<section ref="mvaddnstr.3ncurses.html" title="mvaddnstr: add a string of characters to a curses window and advance cursor"/>
<section ref="mvaddnwstr.3ncurses.html" title="mvaddnwstr: add a string of wide characters to a curses window and advance cursor"/>
<section ref="mvaddstr.3ncurses.html" title="mvaddstr: add a string of characters to a curses window and advance cursor"/>
<section ref="mvadd_wch.3ncurses.html" title="mvadd_wch: add a complex character and rendition to a curses window, then advance the cursor"/>
<section ref="mvadd_wchnstr.3ncurses.html" title="mvadd_wchnstr: add an array of complex characters (and attributes) to a curses window"/>
<section ref="mvadd_wchstr.3ncurses.html" title="mvadd_wchstr: add an array of complex characters (and attributes) to a curses window"/>
<section ref="mvaddwstr.3ncurses.html" title="mvaddwstr: add a string of wide characters to a curses window and advance cursor"/>
<section ref="mvchgat.3ncurses.html" title="mvchgat: curses character and window attribute control routine"/>
<section ref="mvcur.3ncurses.html" title="mvcur: curses interfaces to terminfo database"/>
<section ref="mvcur_sp.3ncurses.html" title="mvcur_sp: pointer extension"/>
<section ref="mvdelch.3ncurses.html" title="mvdelch: delete character under the cursor in a curses window"/>
<section ref="mvderwin.3ncurses.html" title="mvderwin: create curses window"/>
<section ref="mvgetch.3ncurses.html" title="mvgetch: get (or push back) characters from curses terminal keyboard"/>
<section ref="mvgetnstr.3ncurses.html" title="mvgetnstr: accept character strings from curses terminal keyboard"/>
<section ref="mvgetn_wstr.3ncurses.html" title="mvgetn_wstr: get an array of wide characters from a curses terminal keyboard"/>
<section ref="mvgetstr.3ncurses.html" title="mvgetstr: accept character strings from curses terminal keyboard"/>
<section ref="mvget_wch.3ncurses.html" title="mvget_wch: get (or push back) a wide character from curses terminal keyboard"/>
<section ref="mvget_wstr.3ncurses.html" title="mvget_wstr: get an array of wide characters from a curses terminal keyboard"/>
<section ref="mvhline.3ncurses.html" title="mvhline: create curses borders, horizontal and vertical line"/>
<section ref="mvhline_set.3ncurses.html" title="mvhline_set: create curses borders or lines using complex characters and rendition"/>
<section ref="mvinch.3ncurses.html" title="mvinch: get a character and attributes from a curses window"/>
<section ref="mvinchnstr.3ncurses.html" title="mvinchnstr: get a string of characters (and attributes) from a curses window"/>
<section ref="mvinchstr.3ncurses.html" title="mvinchstr: get a string of characters (and attributes) from a curses window"/>
<section ref="mvinnstr.3ncurses.html" title="mvinnstr: get a string of characters from a curses window"/>
<section ref="mvinnwstr.3ncurses.html" title="mvinnwstr: get a string of wchar_t characters from a curses window"/>
<section ref="mvinsch.3ncurses.html" title="mvinsch: insert a character before cursor in a curses window"/>
<section ref="mvinsnstr.3ncurses.html" title="mvinsnstr: insert string before cursor in a curses window"/>
<section ref="mvins_nwstr.3ncurses.html" title="mvins_nwstr: character string into a curses window"/>
<section ref="mvinsstr.3ncurses.html" title="mvinsstr: insert string before cursor in a curses window"/>
<section ref="mvinstr.3ncurses.html" title="mvinstr: get a string of characters from a curses window"/>
<section ref="mvins_wch.3ncurses.html" title="mvins_wch: insert a complex character and rendition into a window"/>
<section ref="mvins_wstr.3ncurses.html" title="mvins_wstr: character string into a curses window"/>
<section ref="mvin_wch.3ncurses.html" title="mvin_wch: extract a complex character and rendition from a window"/>
<section ref="mvin_wchnstr.3ncurses.html" title="mvin_wchnstr: get an array of complex characters and renditions from a curses window"/>
<section ref="mvin_wchstr.3ncurses.html" title="mvin_wchstr: get an array of complex characters and renditions from a curses window"/>
<section ref="mvinwstr.3ncurses.html" title="mvinwstr: get a string of wchar_t characters from a curses window"/>
<section ref="mvprintw.3ncurses.html" title="mvprintw: print formatted output in curses window"/>
<section ref="mvscanw.3ncurses.html" title="mvscanw: convert formatted input from a curses window"/>
<section ref="mvvline.3ncurses.html" title="mvvline: create curses borders, horizontal and vertical line"/>
<section ref="mvvline_set.3ncurses.html" title="mvvline_set: create curses borders or lines using complex characters and rendition"/>
<section ref="mvwaddch.3ncurses.html" title="mvwaddch: add a character (with attributes) to a curses window, then advance the cursor"/>
<section ref="mvwaddchnstr.3ncurses.html" title="mvwaddchnstr: add a string of characters (and attributes) to a curses window"/>
<section ref="mvwaddchstr.3ncurses.html" title="mvwaddchstr: add a string of characters (and attributes) to a curses window"/>
<section ref="mvwaddnstr.3ncurses.html" title="mvwaddnstr: add a string of characters to a curses window and advance cursor"/>
<section ref="mvwaddnwstr.3ncurses.html" title="mvwaddnwstr: add a string of wide characters to a curses window and advance cursor"/>
<section ref="mvwaddstr.3ncurses.html" title="mvwaddstr: add a string of characters to a curses window and advance cursor"/>
<section ref="mvwadd_wch.3ncurses.html" title="mvwadd_wch: add a complex character and rendition to a curses window, then advance the cursor"/>
<section ref="mvwadd_wchnstr.3ncurses.html" title="mvwadd_wchnstr: add an array of complex characters (and attributes) to a curses window"/>
<section ref="mvwadd_wchstr.3ncurses.html" title="mvwadd_wchstr: add an array of complex characters (and attributes) to a curses window"/>
<section ref="mvwaddwstr.3ncurses.html" title="mvwaddwstr: add a string of wide characters to a curses window and advance cursor"/>
<section ref="mvwchgat.3ncurses.html" title="mvwchgat: curses character and window attribute control routine"/>
<section ref="mvwdelch.3ncurses.html" title="mvwdelch: delete character under the cursor in a curses window"/>
<section ref="mvwgetch.3ncurses.html" title="mvwgetch: get (or push back) characters from curses terminal keyboard"/>
<section ref="mvwgetnstr.3ncurses.html" title="mvwgetnstr: accept character strings from curses terminal keyboard"/>
<section ref="mvwgetn_wstr.3ncurses.html" title="mvwgetn_wstr: get an array of wide characters from a curses terminal keyboard"/>
<section ref="mvwgetstr.3ncurses.html" title="mvwgetstr: accept character strings from curses terminal keyboard"/>
<section ref="mvwget_wch.3ncurses.html" title="mvwget_wch: get (or push back) a wide character from curses terminal keyboard"/>
<section ref="mvwget_wstr.3ncurses.html" title="mvwget_wstr: get an array of wide characters from a curses terminal keyboard"/>
<section ref="mvwhline.3ncurses.html" title="mvwhline: create curses borders, horizontal and vertical line"/>
<section ref="mvwhline_set.3ncurses.html" title="mvwhline_set: create curses borders or lines using complex characters and rendition"/>
<section ref="mvwin.3ncurses.html" title="mvwin: create curses window"/>
<section ref="mvwinch.3ncurses.html" title="mvwinch: get a character and attributes from a curses window"/>
<section ref="mvwinchnstr.3ncurses.html" title="mvwinchnstr: get a string of characters (and attributes) from a curses window"/>
<section ref="mvwinchstr.3ncurses.html" title="mvwinchstr: get a string of characters (and attributes) from a curses window"/>
<section ref="mvwinnstr.3ncurses.html" title="mvwinnstr: get a string of characters from a curses window"/>
<section ref="mvwinnwstr.3ncurses.html" title="mvwinnwstr: get a string of wchar_t characters from a curses window"/>
<section ref="mvwinsch.3ncurses.html" title="mvwinsch: insert a character before cursor in a curses window"/>
<section ref="mvwinsnstr.3ncurses.html" title="mvwinsnstr: insert string before cursor in a curses window"/>
<section ref="mvwins_nwstr.3ncurses.html" title="mvwins_nwstr: character string into a curses window"/>
<section ref="mvwinsstr.3ncurses.html" title="mvwinsstr: insert string before cursor in a curses window"/>
<section ref="mvwinstr.3ncurses.html" title="mvwinstr: get a string of characters from a curses window"/>
<section ref="mvwins_wch.3ncurses.html" title="mvwins_wch: insert a complex character and rendition into a window"/>
<section ref="mvwins_wstr.3ncurses.html" title="mvwins_wstr: character string into a curses window"/>
<section ref="mvwin_wch.3ncurses.html" title="mvwin_wch: extract a complex character and rendition from a window"/>
<section ref="mvwin_wchnstr.3ncurses.html" title="mvwin_wchnstr: get an array of complex characters and renditions from a curses window"/>
<section ref="mvwin_wchstr.3ncurses.html" title="mvwin_wchstr: get an array of complex characters and renditions from a curses window"/>
<section ref="mvwinwstr.3ncurses.html" title="mvwinwstr: get a string of wchar_t characters from a curses window"/>
<section ref="mvwprintw.3ncurses.html" title="mvwprintw: print formatted output in curses window"/>
<section ref="mvwscanw.3ncurses.html" title="mvwscanw: convert formatted input from a curses window"/>
<section ref="mvwvline.3ncurses.html" title="mvwvline: create curses borders, horizontal and vertical line"/>
<section ref="mvwvline_set.3ncurses.html" title="mvwvline_set: create curses borders or lines using complex characters and rendition"/>
<section ref="napms.3ncurses.html" title="napms: level curses routine"/>
<section ref="napms_sp.3ncurses.html" title="napms_sp: pointer extension"/>
<section ref="_nc_freeall.3ncurses.html" title="_nc_freeall: leak checking"/>
<section ref="_nc_free_and_exit.3ncurses.html" title="_nc_free_and_exit: leak checking"/>
<section ref="_nc_tracebits.3ncurses.html" title="_nc_tracebits: curses debugging routine"/>
<section ref="ncurses.3ncurses.html" title="ncurses: CRT screen handling and optimization package"/>
<section ref="new_form_sp.3ncurses.html" title="new_form_sp: pointer extension"/>
<section ref="new_menu_sp.3ncurses.html" title="new_menu_sp: pointer extension"/>
<section ref="newpad.3ncurses.html" title="newpad: create and display curses pad"/>
<section ref="newpad_sp.3ncurses.html" title="newpad_sp: pointer extension"/>
<section ref="new_prescr.3ncurses.html" title="new_prescr: pointer extension"/>
<section ref="newscr.3ncurses.html" title="newscr: curses global variable"/>
<section ref="newterm.3ncurses.html" title="newterm: curses screen initialization and manipulation routine"/>
<section ref="newterm_sp.3ncurses.html" title="newterm_sp: pointer extension"/>
<section ref="newwin.3ncurses.html" title="newwin: create curses window"/>
<section ref="newwin_sp.3ncurses.html" title="newwin_sp: pointer extension"/>
<section ref="nl.3ncurses.html" title="nl: number lines of filecurses output option"/>
<section ref="nl_sp.3ncurses.html" title="nl_sp: pointer extension"/>
<section ref="nocbreak.3ncurses.html" title="nocbreak: curses input option"/>
<section ref="nocbreak_sp.3ncurses.html" title="nocbreak_sp: pointer extension"/>
<section ref="nodelay.3ncurses.html" title="nodelay: curses input option"/>
<section ref="noecho.3ncurses.html" title="noecho: curses input option"/>
<section ref="noecho_sp.3ncurses.html" title="noecho_sp: pointer extension"/>
<section ref="nofilter.3ncurses.html" title="nofilter: miscellaneous curses utility routine"/>
<section ref="nofilter_sp.3ncurses.html" title="nofilter_sp: pointer extension"/>
<section ref="nonl.3ncurses.html" title="nonl: curses output option"/>
<section ref="nonl_sp.3ncurses.html" title="nonl_sp: pointer extension"/>
<section ref="noqiflush.3ncurses.html" title="noqiflush: curses input option"/>
<section ref="noqiflush_sp.3ncurses.html" title="noqiflush_sp: pointer extension"/>
<section ref="noraw.3ncurses.html" title="noraw: curses input option"/>
<section ref="noraw_sp.3ncurses.html" title="noraw_sp: pointer extension"/>
<section ref="notimeout.3ncurses.html" title="notimeout: curses input option"/>
<section ref="numcodes.3ncurses.html" title="numcodes: curses terminfo global variable"/>
<section ref="numfnames.3ncurses.html" title="numfnames: curses terminfo global variable"/>
<section ref="numnames.3ncurses.html" title="numnames: curses terminfo global variable"/>
<section ref="opaque.3ncurses.html" title="opaque: curses window propertie"/>
<section ref="ospeed.3ncurses.html" title="ospeed: direct curses interface to the terminfo capability database"/>
<section ref="outopts.3ncurses.html" title="outopts: curses output option"/>
<section ref="overlay.3ncurses.html" title="overlay: overlay and manipulate overlapped curses window"/>
<section ref="overwrite.3ncurses.html" title="overwrite: overlay and manipulate overlapped curses window"/>
<section ref="pad.3ncurses.html" title="pad: create and display curses pad"/>
<section ref="pair_content.3ncurses.html" title="pair_content: curses color manipulation routine"/>
<section ref="pair_content_sp.3ncurses.html" title="pair_content_sp: pointer extension"/>
<section ref="PAIR_NUMBER.3ncurses.html" title="PAIR_NUMBER: curses character and window attribute control routine"/>
<section ref="PC.3ncurses.html" title="PC: direct curses interface to the terminfo capability database"/>
<section ref="pechochar.3ncurses.html" title="pechochar: create and display curses pad"/>
<section ref="pecho_wchar.3ncurses.html" title="pecho_wchar: create and display curses pad"/>
<section ref="pnoutrefresh.3ncurses.html" title="pnoutrefresh: create and display curses pad"/>
<section ref="prefresh.3ncurses.html" title="prefresh: create and display curses pad"/>
<section ref="print.3ncurses.html" title="print: execute programs via entries in the mailcap fileship binary data to printer"/>
<section ref="printw.3ncurses.html" title="printw: print formatted output in curses window"/>
<section ref="putp.3ncurses.html" title="putp: curses interfaces to terminfo database"/>
<section ref="putp_sp.3ncurses.html" title="putp_sp: pointer extension"/>
<section ref="putwin.3ncurses.html" title="putwin: miscellaneous curses utility routine"/>
<section ref="qiflush.3ncurses.html" title="qiflush: curses input option"/>
<section ref="qiflush_sp.3ncurses.html" title="qiflush_sp: pointer extension"/>
<section ref="raw.3ncurses.html" title="raw: bind a Linux raw character deviceLinux IPv4 raw socketcurses input option"/>
<section ref="raw_sp.3ncurses.html" title="raw_sp: pointer extension"/>
<section ref="redrawwin.3ncurses.html" title="redrawwin: refresh curses windows and line"/>
<section ref="refresh.3ncurses.html" title="refresh: refresh curses windows and line"/>
<section ref="reset_prog_mode.3ncurses.html" title="reset_prog_mode: level curses routine"/>
<section ref="reset_prog_mode_sp.3ncurses.html" title="reset_prog_mode_sp: pointer extension"/>
<section ref="reset_shell_mode.3ncurses.html" title="reset_shell_mode: level curses routine"/>
<section ref="reset_shell_mode_sp.3ncurses.html" title="reset_shell_mode_sp: pointer extension"/>
<section ref="resetty.3ncurses.html" title="resetty: level curses routine"/>
<section ref="resetty_sp.3ncurses.html" title="resetty_sp: pointer extension"/>
<section ref="resize_term.3ncurses.html" title="resize_term: change the curses terminal size"/>
<section ref="resizeterm.3ncurses.html" title="resizeterm: change the curses terminal size"/>
<section ref="resize_term_sp.3ncurses.html" title="resize_term_sp: pointer extension"/>
<section ref="resizeterm_sp.3ncurses.html" title="resizeterm_sp: pointer extension"/>
<section ref="restartterm.3ncurses.html" title="restartterm: curses interfaces to terminfo database"/>
<section ref="restartterm_sp.3ncurses.html" title="restartterm_sp: pointer extension"/>
<section ref="ripoffline.3ncurses.html" title="ripoffline: level curses routine"/>
<section ref="ripoffline_sp.3ncurses.html" title="ripoffline_sp: pointer extension"/>
<section ref="savetty.3ncurses.html" title="savetty: level curses routine"/>
<section ref="savetty_sp.3ncurses.html" title="savetty_sp: pointer extension"/>
<section ref="scanw.3ncurses.html" title="scanw: convert formatted input from a curses window"/>
<section ref="scr_dump.3ncurses.html" title="scr_dump: read (write) a curses screen from (to) a file"/>
<section ref="scr_init.3ncurses.html" title="scr_init: read (write) a curses screen from (to) a file"/>
<section ref="scr_init_sp.3ncurses.html" title="scr_init_sp: pointer extension"/>
<section ref="scrl.3ncurses.html" title="scrl: scroll a curses window"/>
<section ref="scroll.3ncurses.html" title="scroll: scroll a curses window"/>
<section ref="scrollok.3ncurses.html" title="scrollok: curses output option"/>
<section ref="scr_restore.3ncurses.html" title="scr_restore: read (write) a curses screen from (to) a file"/>
<section ref="scr_restore_sp.3ncurses.html" title="scr_restore_sp: pointer extension"/>
<section ref="scr_set.3ncurses.html" title="scr_set: read (write) a curses screen from (to) a file"/>
<section ref="scr_set_sp.3ncurses.html" title="scr_set_sp: pointer extension"/>
<section ref="setcchar.3ncurses.html" title="setcchar: character string"/>
<section ref="set_curterm.3ncurses.html" title="set_curterm: curses interfaces to terminfo database"/>
<section ref="set_curterm_sp.3ncurses.html" title="set_curterm_sp: pointer extension"/>
<section ref="set_escdelay.3ncurses.html" title="set_escdelay: curses thread support"/>
<section ref="set_escdelay_sp.3ncurses.html" title="set_escdelay_sp: pointer extension"/>
<section ref="setscrreg.3ncurses.html" title="setscrreg: curses output option"/>
<section ref="setsyx.3ncurses.html" title="setsyx: level curses routine"/>
<section ref="set_tabsize.3ncurses.html" title="set_tabsize: curses thread support"/>
<section ref="set_tabsize_sp.3ncurses.html" title="set_tabsize_sp: pointer extension"/>
<section ref="set_term.3ncurses.html" title="set_term: curses screen initialization and manipulation routine"/>
<section ref="setterm.3ncurses.html" title="setterm: set terminal attributecurses interfaces to terminfo database"/>
<section ref="setupterm.3ncurses.html" title="setupterm: curses interfaces to terminfo database"/>
<section ref="slk.3ncurses.html" title="slk: curses soft label routine"/>
<section ref="slk_attr.3ncurses.html" title="slk_attr: curses soft label routine"/>
<section ref="slk_attr_off.3ncurses.html" title="slk_attr_off: curses soft label routine"/>
<section ref="slk_attroff.3ncurses.html" title="slk_attroff: curses soft label routine"/>
<section ref="slk_attroff_sp.3ncurses.html" title="slk_attroff_sp: pointer extension"/>
<section ref="slk_attr_on.3ncurses.html" title="slk_attr_on: curses soft label routine"/>
<section ref="slk_attron.3ncurses.html" title="slk_attron: curses soft label routine"/>
<section ref="slk_attron_sp.3ncurses.html" title="slk_attron_sp: pointer extension"/>
<section ref="slk_attr_set.3ncurses.html" title="slk_attr_set: curses soft label routine"/>
<section ref="slk_attrset.3ncurses.html" title="slk_attrset: curses soft label routine"/>
<section ref="slk_attr_set_sp.3ncurses.html" title="slk_attr_set_sp: pointer extension"/>
<section ref="slk_attrset_sp.3ncurses.html" title="slk_attrset_sp: pointer extension"/>
<section ref="slk_attr_sp.3ncurses.html" title="slk_attr_sp: pointer extension"/>
<section ref="slk_clear.3ncurses.html" title="slk_clear: curses soft label routine"/>
<section ref="slk_clear_sp.3ncurses.html" title="slk_clear_sp: pointer extension"/>
<section ref="slk_color.3ncurses.html" title="slk_color: curses soft label routine"/>
<section ref="slk_color_sp.3ncurses.html" title="slk_color_sp: pointer extension"/>
<section ref="slk_init.3ncurses.html" title="slk_init: curses soft label routine"/>
<section ref="slk_init_sp.3ncurses.html" title="slk_init_sp: pointer extension"/>
<section ref="slk_label.3ncurses.html" title="slk_label: curses soft label routine"/>
<section ref="slk_label_sp.3ncurses.html" title="slk_label_sp: pointer extension"/>
<section ref="slk_noutrefresh.3ncurses.html" title="slk_noutrefresh: curses soft label routine"/>
<section ref="slk_noutrefresh_sp.3ncurses.html" title="slk_noutrefresh_sp: pointer extension"/>
<section ref="slk_refresh.3ncurses.html" title="slk_refresh: curses soft label routine"/>
<section ref="slk_refresh_sp.3ncurses.html" title="slk_refresh_sp: pointer extension"/>
<section ref="slk_restore.3ncurses.html" title="slk_restore: curses soft label routine"/>
<section ref="slk_restore_sp.3ncurses.html" title="slk_restore_sp: pointer extension"/>
<section ref="slk_set.3ncurses.html" title="slk_set: curses soft label routine"/>
<section ref="slk_set_sp.3ncurses.html" title="slk_set_sp: pointer extension"/>
<section ref="slk_touch.3ncurses.html" title="slk_touch: curses soft label routine"/>
<section ref="slk_touch_sp.3ncurses.html" title="slk_touch_sp: pointer extension"/>
<section ref="slk_wset.3ncurses.html" title="slk_wset: curses soft label routine"/>
<section ref="SP.3ncurses.html" title="SP: curses terminfo global variable"/>
<section ref="sp_funcs.3ncurses.html" title="sp_funcs: pointer extension"/>
<section ref="standend.3ncurses.html" title="standend: curses character and window attribute control routine"/>
<section ref="standout.3ncurses.html" title="standout: curses character and window attribute control routine"/>
<section ref="start_color.3ncurses.html" title="start_color: curses color manipulation routine"/>
<section ref="start_color_sp.3ncurses.html" title="start_color_sp: pointer extension"/>
<section ref="stdscr.3ncurses.html" title="stdscr: curses global variable"/>
<section ref="strcodes.3ncurses.html" title="strcodes: curses terminfo global variable"/>
<section ref="strfnames.3ncurses.html" title="strfnames: curses terminfo global variable"/>
<section ref="strnames.3ncurses.html" title="strnames: curses terminfo global variable"/>
<section ref="subpad.3ncurses.html" title="subpad: create and display curses pad"/>
<section ref="subwin.3ncurses.html" title="subwin: create curses window"/>
<section ref="syncok.3ncurses.html" title="syncok: create curses window"/>
<section ref="TABSIZE.3ncurses.html" title="TABSIZE: curses global variable"/>
<section ref="term_attrs.3ncurses.html" title="term_attrs: curses environment query routine"/>
<section ref="termattrs.3ncurses.html" title="termattrs: curses environment query routine"/>
<section ref="term_attrs_sp.3ncurses.html" title="term_attrs_sp: pointer extension"/>
<section ref="termattrs_sp.3ncurses.html" title="termattrs_sp: pointer extension"/>
<section ref="termcap.3ncurses.html" title="termcap: terminal capability databasedirect curses interface to the terminfo capability database"/>
<section ref="terminfo.3ncurses.html" title="terminfo: terminal capability data basecurses interfaces to terminfo database"/>
<section ref="terminfo_variables.3ncurses.html" title="terminfo_variables: curses terminfo global variable"/>
<section ref="termname.3ncurses.html" title="termname: curses environment query routine"/>
<section ref="termname_sp.3ncurses.html" title="termname_sp: pointer extension"/>
<section ref="tgetent.3ncurses.html" title="tgetent: direct curses interface to the terminfo capability database"/>
<section ref="tgetent_sp.3ncurses.html" title="tgetent_sp: pointer extension"/>
<section ref="tgetflag.3ncurses.html" title="tgetflag: direct curses interface to the terminfo capability database"/>
<section ref="tgetflag_sp.3ncurses.html" title="tgetflag_sp: pointer extension"/>
<section ref="tgetnum.3ncurses.html" title="tgetnum: direct curses interface to the terminfo capability database"/>
<section ref="tgetnum_sp.3ncurses.html" title="tgetnum_sp: pointer extension"/>
<section ref="tgetstr.3ncurses.html" title="tgetstr: direct curses interface to the terminfo capability database"/>
<section ref="tgetstr_sp.3ncurses.html" title="tgetstr_sp: pointer extension"/>
<section ref="tgoto.3ncurses.html" title="tgoto: direct curses interface to the terminfo capability database"/>
<section ref="threads.3ncurses.html" title="threads: based threadOpenSSL thread supportbased threadcurses thread support"/>
<section ref="tigetflag.3ncurses.html" title="tigetflag: curses interfaces to terminfo database"/>
<section ref="tigetflag_sp.3ncurses.html" title="tigetflag_sp: pointer extension"/>
<section ref="tigetnum.3ncurses.html" title="tigetnum: curses interfaces to terminfo database"/>
<section ref="tigetnum_sp.3ncurses.html" title="tigetnum_sp: pointer extension"/>
<section ref="tigetstr.3ncurses.html" title="tigetstr: curses interfaces to terminfo database"/>
<section ref="tigetstr_sp.3ncurses.html" title="tigetstr_sp: pointer extension"/>
<section ref="timeout.3ncurses.html" title="timeout: run a command with a time limitcurses input option"/>
<section ref="tiparm.3ncurses.html" title="tiparm: curses interfaces to terminfo database"/>
<section ref="touch.3ncurses.html" title="touch: change file timestampcurses refresh control routine"/>
<section ref="touchline.3ncurses.html" title="touchline: curses refresh control routine"/>
<section ref="touchwin.3ncurses.html" title="touchwin: curses refresh control routine"/>
<section ref="tparm.3ncurses.html" title="tparm: curses interfaces to terminfo database"/>
<section ref="tputs.3ncurses.html" title="tputs: curses interfaces to terminfo database"/>
<section ref="tputs_sp.3ncurses.html" title="tputs_sp: pointer extension"/>
<section ref="trace.3ncurses.html" title="trace: Postfix delivery status reportcurses debugging routine"/>
<section ref="_traceattr2.3ncurses.html" title="_traceattr2: curses debugging routine"/>
<section ref="_traceattr.3ncurses.html" title="_traceattr: curses debugging routine"/>
<section ref="_tracecchar_t2.3ncurses.html" title="_tracecchar_t2: curses debugging routine"/>
<section ref="_tracecchar_t.3ncurses.html" title="_tracecchar_t: curses debugging routine"/>
<section ref="_tracechar.3ncurses.html" title="_tracechar: curses debugging routine"/>
<section ref="_tracechtype2.3ncurses.html" title="_tracechtype2: curses debugging routine"/>
<section ref="_tracechtype.3ncurses.html" title="_tracechtype: curses debugging routine"/>
<section ref="_tracedump.3ncurses.html" title="_tracedump: curses debugging routine"/>
<section ref="_tracef.3ncurses.html" title="_tracef: curses debugging routine"/>
<section ref="_tracemouse.3ncurses.html" title="_tracemouse: curses debugging routine"/>
<section ref="ttytype.3ncurses.html" title="ttytype: curses terminfo global variable"/>
<section ref="typeahead.3ncurses.html" title="typeahead: curses input option"/>
<section ref="typeahead_sp.3ncurses.html" title="typeahead_sp: pointer extension"/>
<section ref="unctrl.3ncurses.html" title="unctrl: miscellaneous curses utility routine"/>
<section ref="unctrl_sp.3ncurses.html" title="unctrl_sp: pointer extension"/>
<section ref="ungetch.3ncurses.html" title="ungetch: get (or push back) characters from curses terminal keyboard"/>
<section ref="ungetch_sp.3ncurses.html" title="ungetch_sp: pointer extension"/>
<section ref="ungetmouse.3ncurses.html" title="ungetmouse: mouse interface through curse"/>
<section ref="ungetmouse_sp.3ncurses.html" title="ungetmouse_sp: pointer extension"/>
<section ref="unget_wch.3ncurses.html" title="unget_wch: get (or push back) a wide character from curses terminal keyboard"/>
<section ref="unget_wch_sp.3ncurses.html" title="unget_wch_sp: pointer extension"/>
<section ref="untouchwin.3ncurses.html" title="untouchwin: curses refresh control routine"/>
<section ref="UP.3ncurses.html" title="UP: direct curses interface to the terminfo capability database"/>
<section ref="update_panels_sp.3ncurses.html" title="update_panels_sp: pointer extension"/>
<section ref="use_default_colors.3ncurses.html" title="use_default_colors: use terminal's default color"/>
<section ref="use_default_colors_sp.3ncurses.html" title="use_default_colors_sp: pointer extension"/>
<section ref="use_env.3ncurses.html" title="use_env: miscellaneous curses utility routine"/>
<section ref="use_env_sp.3ncurses.html" title="use_env_sp: pointer extension"/>
<section ref="use_extended_names.3ncurses.html" title="use_extended_names: miscellaneous curses extension"/>
<section ref="use_legacy_coding.3ncurses.html" title="use_legacy_coding: use terminal's default color"/>
<section ref="use_legacy_coding_sp.3ncurses.html" title="use_legacy_coding_sp: pointer extension"/>
<section ref="use_screen.3ncurses.html" title="use_screen: curses thread support"/>
<section ref="use_tioctl.3ncurses.html" title="use_tioctl: miscellaneous curses utility routine"/>
<section ref="use_window.3ncurses.html" title="use_window: curses thread support"/>
<section ref="util.3ncurses.html" title="util: miscellaneous curses utility routine"/>
<section ref="vid_attr.3ncurses.html" title="vid_attr: curses interfaces to terminfo database"/>
<section ref="vidattr.3ncurses.html" title="vidattr: curses interfaces to terminfo database"/>
<section ref="vid_attr_sp.3ncurses.html" title="vid_attr_sp: pointer extension"/>
<section ref="vidattr_sp.3ncurses.html" title="vidattr_sp: pointer extension"/>
<section ref="vid_puts.3ncurses.html" title="vid_puts: curses interfaces to terminfo database"/>
<section ref="vidputs.3ncurses.html" title="vidputs: curses interfaces to terminfo database"/>
<section ref="vid_puts_sp.3ncurses.html" title="vid_puts_sp: pointer extension"/>
<section ref="vidputs_sp.3ncurses.html" title="vidputs_sp: pointer extension"/>
<section ref="vline.3ncurses.html" title="vline: create curses borders, horizontal and vertical line"/>
<section ref="vline_set.3ncurses.html" title="vline_set: create curses borders or lines using complex characters and rendition"/>
<section ref="vw_printw.3ncurses.html" title="vw_printw: print formatted output in curses window"/>
<section ref="vwprintw.3ncurses.html" title="vwprintw: print formatted output in curses window"/>
<section ref="vw_scanw.3ncurses.html" title="vw_scanw: convert formatted input from a curses window"/>
<section ref="vwscanw.3ncurses.html" title="vwscanw: convert formatted input from a curses window"/>
<section ref="waddch.3ncurses.html" title="waddch: add a character (with attributes) to a curses window, then advance the cursor"/>
<section ref="waddchnstr.3ncurses.html" title="waddchnstr: add a string of characters (and attributes) to a curses window"/>
<section ref="waddchstr.3ncurses.html" title="waddchstr: add a string of characters (and attributes) to a curses window"/>
<section ref="waddnstr.3ncurses.html" title="waddnstr: add a string of characters to a curses window and advance cursor"/>
<section ref="waddnwstr.3ncurses.html" title="waddnwstr: add a string of wide characters to a curses window and advance cursor"/>
<section ref="waddstr.3ncurses.html" title="waddstr: add a string of characters to a curses window and advance cursor"/>
<section ref="wadd_wch.3ncurses.html" title="wadd_wch: add a complex character and rendition to a curses window, then advance the cursor"/>
<section ref="wadd_wchnstr.3ncurses.html" title="wadd_wchnstr: add an array of complex characters (and attributes) to a curses window"/>
<section ref="wadd_wchstr.3ncurses.html" title="wadd_wchstr: add an array of complex characters (and attributes) to a curses window"/>
<section ref="waddwstr.3ncurses.html" title="waddwstr: add a string of wide characters to a curses window and advance cursor"/>
<section ref="wattr_get.3ncurses.html" title="wattr_get: curses character and window attribute control routine"/>
<section ref="wattr_off.3ncurses.html" title="wattr_off: curses character and window attribute control routine"/>
<section ref="wattroff.3ncurses.html" title="wattroff: curses character and window attribute control routine"/>
<section ref="wattr_on.3ncurses.html" title="wattr_on: curses character and window attribute control routine"/>
<section ref="wattron.3ncurses.html" title="wattron: curses character and window attribute control routine"/>
<section ref="wattr_set.3ncurses.html" title="wattr_set: curses character and window attribute control routine"/>
<section ref="wattrset.3ncurses.html" title="wattrset: curses character and window attribute control routine"/>
<section ref="wbkgd.3ncurses.html" title="wbkgd: curses window background manipulation routine"/>
<section ref="wbkgdset.3ncurses.html" title="wbkgdset: curses window background manipulation routine"/>
<section ref="wbkgrnd.3ncurses.html" title="wbkgrnd: curses window complex background manipulation routine"/>
<section ref="wbkgrndset.3ncurses.html" title="wbkgrndset: curses window complex background manipulation routine"/>
<section ref="wborder.3ncurses.html" title="wborder: create curses borders, horizontal and vertical line"/>
<section ref="wborder_set.3ncurses.html" title="wborder_set: create curses borders or lines using complex characters and rendition"/>
<section ref="wchgat.3ncurses.html" title="wchgat: curses character and window attribute control routine"/>
<section ref="wclear.3ncurses.html" title="wclear: clear all or part of a curses window"/>
<section ref="wclrtobot.3ncurses.html" title="wclrtobot: clear all or part of a curses window"/>
<section ref="wclrtoeol.3ncurses.html" title="wclrtoeol: clear all or part of a curses window"/>
<section ref="wcolor_set.3ncurses.html" title="wcolor_set: curses character and window attribute control routine"/>
<section ref="wcursyncup.3ncurses.html" title="wcursyncup: create curses window"/>
<section ref="wdelch.3ncurses.html" title="wdelch: delete character under the cursor in a curses window"/>
<section ref="wdeleteln.3ncurses.html" title="wdeleteln: delete and insert lines in a curses window"/>
<section ref="wechochar.3ncurses.html" title="wechochar: add a character (with attributes) to a curses window, then advance the cursor"/>
<section ref="wecho_wchar.3ncurses.html" title="wecho_wchar: add a complex character and rendition to a curses window, then advance the cursor"/>
<section ref="wenclose.3ncurses.html" title="wenclose: mouse interface through curse"/>
<section ref="werase.3ncurses.html" title="werase: clear all or part of a curses window"/>
<section ref="wgetbkgrnd.3ncurses.html" title="wgetbkgrnd: curses window complex background manipulation routine"/>
<section ref="wgetch.3ncurses.html" title="wgetch: get (or push back) characters from curses terminal keyboard"/>
<section ref="wgetnstr.3ncurses.html" title="wgetnstr: accept character strings from curses terminal keyboard"/>
<section ref="wgetn_wstr.3ncurses.html" title="wgetn_wstr: get an array of wide characters from a curses terminal keyboard"/>
<section ref="wgetparent.3ncurses.html" title="wgetparent: curses window propertie"/>
<section ref="wgetscrreg.3ncurses.html" title="wgetscrreg: curses window propertie"/>
<section ref="wgetstr.3ncurses.html" title="wgetstr: accept character strings from curses terminal keyboard"/>
<section ref="wget_wch.3ncurses.html" title="wget_wch: get (or push back) a wide character from curses terminal keyboard"/>
<section ref="wget_wstr.3ncurses.html" title="wget_wstr: get an array of wide characters from a curses terminal keyboard"/>
<section ref="whline.3ncurses.html" title="whline: create curses borders, horizontal and vertical line"/>
<section ref="whline_set.3ncurses.html" title="whline_set: create curses borders or lines using complex characters and rendition"/>
<section ref="winch.3ncurses.html" title="winch: get a character and attributes from a curses window"/>
<section ref="winchnstr.3ncurses.html" title="winchnstr: get a string of characters (and attributes) from a curses window"/>
<section ref="winchstr.3ncurses.html" title="winchstr: get a string of characters (and attributes) from a curses window"/>
<section ref="window.3ncurses.html" title="window: create curses window"/>
<section ref="winnstr.3ncurses.html" title="winnstr: get a string of characters from a curses window"/>
<section ref="winnwstr.3ncurses.html" title="winnwstr: get a string of wchar_t characters from a curses window"/>
<section ref="winsch.3ncurses.html" title="winsch: insert a character before cursor in a curses window"/>
<section ref="winsdelln.3ncurses.html" title="winsdelln: delete and insert lines in a curses window"/>
<section ref="winsertln.3ncurses.html" title="winsertln: delete and insert lines in a curses window"/>
<section ref="winsnstr.3ncurses.html" title="winsnstr: insert string before cursor in a curses window"/>
<section ref="wins_nwstr.3ncurses.html" title="wins_nwstr: character string into a curses window"/>
<section ref="winsstr.3ncurses.html" title="winsstr: insert string before cursor in a curses window"/>
<section ref="winstr.3ncurses.html" title="winstr: get a string of characters from a curses window"/>
<section ref="wins_wch.3ncurses.html" title="wins_wch: insert a complex character and rendition into a window"/>
<section ref="wins_wstr.3ncurses.html" title="wins_wstr: character string into a curses window"/>
<section ref="win_wch.3ncurses.html" title="win_wch: extract a complex character and rendition from a window"/>
<section ref="win_wchnstr.3ncurses.html" title="win_wchnstr: get an array of complex characters and renditions from a curses window"/>
<section ref="win_wchstr.3ncurses.html" title="win_wchstr: get an array of complex characters and renditions from a curses window"/>
<section ref="winwstr.3ncurses.html" title="winwstr: get a string of wchar_t characters from a curses window"/>
<section ref="wmouse_trafo.3ncurses.html" title="wmouse_trafo: mouse interface through curse"/>
<section ref="wmove.3ncurses.html" title="wmove: move curses window cursor"/>
<section ref="wnoutrefresh.3ncurses.html" title="wnoutrefresh: refresh curses windows and line"/>
<section ref="wprintw.3ncurses.html" title="wprintw: print formatted output in curses window"/>
<section ref="wredrawln.3ncurses.html" title="wredrawln: refresh curses windows and line"/>
<section ref="wrefresh.3ncurses.html" title="wrefresh: refresh curses windows and line"/>
<section ref="wresize.3ncurses.html" title="wresize: resize a curses window"/>
<section ref="wscanw.3ncurses.html" title="wscanw: convert formatted input from a curses window"/>
<section ref="wscrl.3ncurses.html" title="wscrl: scroll a curses window"/>
<section ref="wsetscrreg.3ncurses.html" title="wsetscrreg: curses output option"/>
<section ref="wstandend.3ncurses.html" title="wstandend: curses character and window attribute control routine"/>
<section ref="wstandout.3ncurses.html" title="wstandout: curses character and window attribute control routine"/>
<section ref="wsyncdown.3ncurses.html" title="wsyncdown: create curses window"/>
<section ref="wsyncup.3ncurses.html" title="wsyncup: create curses window"/>
<section ref="wtimeout.3ncurses.html" title="wtimeout: curses input option"/>
<section ref="wtouchln.3ncurses.html" title="wtouchln: curses refresh control routine"/>
<section ref="wunctrl.3ncurses.html" title="wunctrl: miscellaneous curses utility routine"/>
<section ref="wunctrl_sp.3ncurses.html" title="wunctrl_sp: pointer extension"/>
<section ref="wvline.3ncurses.html" title="wvline: create curses borders, horizontal and vertical line"/>
<section ref="wvline_set.3ncurses.html" title="wvline_set: create curses borders or lines using complex characters and rendition"/>
